{"/Users/putriindah/mainan/payslip-generator/src/app.js": {"path":"/Users/putriindah/mainan/payslip-generator/src/app.js","statementMap":{"0":{"start":{"line":1,"column":0},"end":{"line":1,"column":27}},"1":{"start":{"line":2,"column":16},"end":{"line":2,"column":34}},"2":{"start":{"line":3,"column":13},"end":{"line":3,"column":28}},"3":{"start":{"line":4,"column":12},"end":{"line":4,"column":21}},"4":{"start":{"line":5,"column":15},"end":{"line":5,"column":35}},"5":{"start":{"line":6,"column":25},"end":{"line":6,"column":62}},"6":{"start":{"line":8,"column":0},"end":{"line":8,"column":16}},"7":{"start":{"line":9,"column":0},"end":{"line":9,"column":46}},"8":{"start":{"line":10,"column":0},"end":{"line":10,"column":24}},"9":{"start":{"line":11,"column":0},"end":{"line":11,"column":15}},"10":{"start":{"line":12,"column":0},"end":{"line":12,"column":21}},"11":{"start":{"line":14,"column":0},"end":{"line":19,"column":2}},"12":{"start":{"line":15,"column":4},"end":{"line":15,"column":31}},"13":{"start":{"line":16,"column":4},"end":{"line":18,"column":6}},"14":{"start":{"line":21,"column":0},"end":{"line":21,"column":25}}},"fnMap":{"0":{"name":"(anonymous_0)","decl":{"start":{"line":14,"column":13},"end":{"line":14,"column":14}},"loc":{"start":{"line":14,"column":27},"end":{"line":19,"column":1}},"line":14}},"branchMap":{},"s":{"0":5,"1":5,"2":5,"3":5,"4":5,"5":5,"6":5,"7":5,"8":5,"9":5,"10":5,"11":5,"12":0,"13":0,"14":5},"f":{"0":0},"b":{},"_coverageSchema":"1a1c01bbd47fc00a2c39e90264f33305004495a9","hash":"902b9f4b6396d37fcf2dc91002c516357b06fb4b"}
,"/Users/putriindah/mainan/payslip-generator/src/controllers/attendaceController.js": {"path":"/Users/putriindah/mainan/payslip-generator/src/controllers/attendaceController.js","statementMap":{"0":{"start":{"line":1,"column":27},"end":{"line":1,"column":65}},"1":{"start":{"line":2,"column":22},"end":{"line":2,"column":49}},"2":{"start":{"line":3,"column":30},"end":{"line":3,"column":69}},"3":{"start":{"line":4,"column":23},"end":{"line":4,"column":44}},"4":{"start":{"line":5,"column":25},"end":{"line":5,"column":71}},"5":{"start":{"line":9,"column":8},"end":{"line":43,"column":9}},"6":{"start":{"line":10,"column":48},"end":{"line":10,"column":56}},"7":{"start":{"line":11,"column":31},"end":{"line":11,"column":45}},"8":{"start":{"line":13,"column":34},"end":{"line":13,"column":75}},"9":{"start":{"line":14,"column":12},"end":{"line":16,"column":13}},"10":{"start":{"line":15,"column":16},"end":{"line":15,"column":62}},"11":{"start":{"line":19,"column":34},"end":{"line":19,"column":44}},"12":{"start":{"line":20,"column":30},"end":{"line":20,"column":63}},"13":{"start":{"line":21,"column":12},"end":{"line":21,"column":91}},"14":{"start":{"line":21,"column":27},"end":{"line":21,"column":91}},"15":{"start":{"line":24,"column":25},"end":{"line":31,"column":14}},"16":{"start":{"line":33,"column":12},"end":{"line":38,"column":14}},"17":{"start":{"line":41,"column":12},"end":{"line":41,"column":60}},"18":{"start":{"line":42,"column":12},"end":{"line":42,"column":23}},"19":{"start":{"line":47,"column":8},"end":{"line":92,"column":9}},"20":{"start":{"line":48,"column":42},"end":{"line":48,"column":52}},"21":{"start":{"line":49,"column":50},"end":{"line":49,"column":58}},"22":{"start":{"line":50,"column":31},"end":{"line":50,"column":45}},"23":{"start":{"line":53,"column":31},"end":{"line":58,"column":14}},"24":{"start":{"line":60,"column":12},"end":{"line":62,"column":13}},"25":{"start":{"line":61,"column":16},"end":{"line":61,"column":71}},"26":{"start":{"line":65,"column":35},"end":{"line":65,"column":45}},"27":{"start":{"line":67,"column":25},"end":{"line":80,"column":13}},"28":{"start":{"line":82,"column":12},"end":{"line":87,"column":14}},"29":{"start":{"line":90,"column":12},"end":{"line":90,"column":61}},"30":{"start":{"line":91,"column":12},"end":{"line":91,"column":23}},"31":{"start":{"line":96,"column":0},"end":{"line":96,"column":40}}},"fnMap":{"0":{"name":"(anonymous_0)","decl":{"start":{"line":8,"column":4},"end":{"line":8,"column":5}},"loc":{"start":{"line":8,"column":49},"end":{"line":44,"column":5}},"line":8},"1":{"name":"(anonymous_1)","decl":{"start":{"line":46,"column":4},"end":{"line":46,"column":5}},"loc":{"start":{"line":46,"column":50},"end":{"line":93,"column":5}},"line":46}},"branchMap":{"0":{"loc":{"start":{"line":14,"column":12},"end":{"line":16,"column":13}},"type":"if","locations":[{"start":{"line":14,"column":12},"end":{"line":16,"column":13}},{"start":{},"end":{}}],"line":14},"1":{"loc":{"start":{"line":21,"column":12},"end":{"line":21,"column":91}},"type":"if","locations":[{"start":{"line":21,"column":12},"end":{"line":21,"column":91}},{"start":{},"end":{}}],"line":21},"2":{"loc":{"start":{"line":60,"column":12},"end":{"line":62,"column":13}},"type":"if","locations":[{"start":{"line":60,"column":12},"end":{"line":62,"column":13}},{"start":{},"end":{}}],"line":60}},"s":{"0":5,"1":5,"2":5,"3":5,"4":5,"5":2,"6":2,"7":2,"8":2,"9":2,"10":0,"11":2,"12":2,"13":2,"14":1,"15":1,"16":1,"17":1,"18":1,"19":2,"20":2,"21":2,"22":2,"23":2,"24":2,"25":1,"26":1,"27":1,"28":1,"29":1,"30":1,"31":5},"f":{"0":2,"1":2},"b":{"0":[0,2],"1":[1,1],"2":[1,1]},"_coverageSchema":"1a1c01bbd47fc00a2c39e90264f33305004495a9","hash":"9dcb959b4d53ad5f96aaa3e63b58bbb348598b42"}
,"/Users/putriindah/mainan/payslip-generator/src/controllers/overtimeController.js": {"path":"/Users/putriindah/mainan/payslip-generator/src/controllers/overtimeController.js","statementMap":{"0":{"start":{"line":2,"column":27},"end":{"line":2,"column":65}},"1":{"start":{"line":3,"column":22},"end":{"line":3,"column":49}},"2":{"start":{"line":4,"column":30},"end":{"line":4,"column":69}},"3":{"start":{"line":5,"column":25},"end":{"line":5,"column":71}},"4":{"start":{"line":6,"column":43},"end":{"line":6,"column":64}},"5":{"start":{"line":7,"column":15},"end":{"line":7,"column":35}},"6":{"start":{"line":11,"column":2},"end":{"line":13,"column":4}},"7":{"start":{"line":18,"column":8},"end":{"line":92,"column":9}},"8":{"start":{"line":19,"column":50},"end":{"line":19,"column":58}},"9":{"start":{"line":20,"column":37},"end":{"line":20,"column":45}},"10":{"start":{"line":21,"column":31},"end":{"line":21,"column":45}},"11":{"start":{"line":23,"column":13},"end":{"line":25,"column":13}},"12":{"start":{"line":24,"column":16},"end":{"line":24,"column":84}},"13":{"start":{"line":27,"column":34},"end":{"line":27,"column":75}},"14":{"start":{"line":28,"column":12},"end":{"line":28,"column":78}},"15":{"start":{"line":28,"column":32},"end":{"line":28,"column":78}},"16":{"start":{"line":30,"column":31},"end":{"line":30,"column":46}},"17":{"start":{"line":31,"column":30},"end":{"line":31,"column":60}},"18":{"start":{"line":34,"column":31},"end":{"line":34,"column":51}},"19":{"start":{"line":35,"column":12},"end":{"line":35,"column":44}},"20":{"start":{"line":37,"column":29},"end":{"line":37,"column":49}},"21":{"start":{"line":38,"column":12},"end":{"line":38,"column":47}},"22":{"start":{"line":41,"column":12},"end":{"line":55,"column":13}},"23":{"start":{"line":42,"column":40},"end":{"line":48,"column":18}},"24":{"start":{"line":50,"column":35},"end":{"line":50,"column":62}},"25":{"start":{"line":51,"column":37},"end":{"line":51,"column":86}},"26":{"start":{"line":52,"column":16},"end":{"line":54,"column":17}},"27":{"start":{"line":53,"column":16},"end":{"line":53,"column":117}},"28":{"start":{"line":58,"column":34},"end":{"line":63,"column":14}},"29":{"start":{"line":66,"column":16},"end":{"line":67,"column":28}},"30":{"start":{"line":66,"column":50},"end":{"line":66,"column":71}},"31":{"start":{"line":69,"column":12},"end":{"line":71,"column":13}},"32":{"start":{"line":70,"column":16},"end":{"line":70,"column":80}},"33":{"start":{"line":74,"column":25},"end":{"line":81,"column":14}},"34":{"start":{"line":84,"column":12},"end":{"line":87,"column":14}},"35":{"start":{"line":90,"column":12},"end":{"line":90,"column":59}},"36":{"start":{"line":91,"column":12},"end":{"line":91,"column":23}},"37":{"start":{"line":97,"column":0},"end":{"line":97,"column":39}}},"fnMap":{"0":{"name":"getJakartaNow","decl":{"start":{"line":9,"column":9},"end":{"line":9,"column":22}},"loc":{"start":{"line":9,"column":25},"end":{"line":14,"column":1}},"line":9},"1":{"name":"(anonymous_1)","decl":{"start":{"line":17,"column":4},"end":{"line":17,"column":5}},"loc":{"start":{"line":17,"column":48},"end":{"line":93,"column":5}},"line":17},"2":{"name":"(anonymous_2)","decl":{"start":{"line":66,"column":37},"end":{"line":66,"column":38}},"loc":{"start":{"line":66,"column":50},"end":{"line":66,"column":71}},"line":66}},"branchMap":{"0":{"loc":{"start":{"line":23,"column":13},"end":{"line":25,"column":13}},"type":"if","locations":[{"start":{"line":23,"column":13},"end":{"line":25,"column":13}},{"start":{},"end":{}}],"line":23},"1":{"loc":{"start":{"line":28,"column":12},"end":{"line":28,"column":78}},"type":"if","locations":[{"start":{"line":28,"column":12},"end":{"line":28,"column":78}},{"start":{},"end":{}}],"line":28},"2":{"loc":{"start":{"line":41,"column":12},"end":{"line":55,"column":13}},"type":"if","locations":[{"start":{"line":41,"column":12},"end":{"line":55,"column":13}},{"start":{},"end":{}}],"line":41},"3":{"loc":{"start":{"line":51,"column":37},"end":{"line":51,"column":86}},"type":"binary-expr","locations":[{"start":{"line":51,"column":37},"end":{"line":51,"column":52}},{"start":{"line":51,"column":56},"end":{"line":51,"column":86}}],"line":51},"4":{"loc":{"start":{"line":52,"column":16},"end":{"line":54,"column":17}},"type":"if","locations":[{"start":{"line":52,"column":16},"end":{"line":54,"column":17}},{"start":{},"end":{}}],"line":52},"5":{"loc":{"start":{"line":52,"column":20},"end":{"line":52,"column":48}},"type":"binary-expr","locations":[{"start":{"line":52,"column":20},"end":{"line":52,"column":33}},{"start":{"line":52,"column":37},"end":{"line":52,"column":48}}],"line":52},"6":{"loc":{"start":{"line":69,"column":12},"end":{"line":71,"column":13}},"type":"if","locations":[{"start":{"line":69,"column":12},"end":{"line":71,"column":13}},{"start":{},"end":{}}],"line":69}},"s":{"0":5,"1":5,"2":5,"3":5,"4":5,"5":5,"6":5,"7":6,"8":6,"9":6,"10":6,"11":6,"12":1,"13":5,"14":5,"15":0,"16":5,"17":5,"18":5,"19":5,"20":5,"21":5,"22":5,"23":5,"24":5,"25":5,"26":5,"27":1,"28":4,"29":4,"30":2,"31":4,"32":1,"33":3,"34":3,"35":3,"36":3,"37":5},"f":{"0":5,"1":6,"2":2},"b":{"0":[1,5],"1":[0,5],"2":[5,0],"3":[5,4],"4":[1,4],"5":[5,2],"6":[1,3]},"_coverageSchema":"1a1c01bbd47fc00a2c39e90264f33305004495a9","hash":"2f6800b96ae5c576c22f1f9c2db4c4d642946319"}
,"/Users/putriindah/mainan/payslip-generator/src/controllers/payrollController.js": {"path":"/Users/putriindah/mainan/payslip-generator/src/controllers/payrollController.js","statementMap":{"0":{"start":{"line":2,"column":22},"end":{"line":2,"column":49}},"1":{"start":{"line":3,"column":30},"end":{"line":3,"column":69}},"2":{"start":{"line":4,"column":25},"end":{"line":4,"column":71}},"3":{"start":{"line":5,"column":29},"end":{"line":5,"column":84}},"4":{"start":{"line":6,"column":69},"end":{"line":6,"column":90}},"5":{"start":{"line":7,"column":15},"end":{"line":7,"column":35}},"6":{"start":{"line":10,"column":18},"end":{"line":10,"column":39}},"7":{"start":{"line":11,"column":4},"end":{"line":11,"column":31}},"8":{"start":{"line":15,"column":27},"end":{"line":15,"column":45}},"9":{"start":{"line":16,"column":4},"end":{"line":16,"column":43}},"10":{"start":{"line":22,"column":8},"end":{"line":78,"column":9}},"11":{"start":{"line":23,"column":47},"end":{"line":23,"column":55}},"12":{"start":{"line":24,"column":48},"end":{"line":24,"column":56}},"13":{"start":{"line":25,"column":35},"end":{"line":25,"column":38}},"14":{"start":{"line":27,"column":12},"end":{"line":29,"column":13}},"15":{"start":{"line":28,"column":16},"end":{"line":28,"column":85}},"16":{"start":{"line":31,"column":12},"end":{"line":33,"column":13}},"17":{"start":{"line":32,"column":16},"end":{"line":32,"column":86}},"18":{"start":{"line":35,"column":12},"end":{"line":37,"column":13}},"19":{"start":{"line":36,"column":16},"end":{"line":36,"column":84}},"20":{"start":{"line":39,"column":30},"end":{"line":39,"column":63}},"21":{"start":{"line":40,"column":28},"end":{"line":40,"column":59}},"22":{"start":{"line":41,"column":12},"end":{"line":41,"column":104}},"23":{"start":{"line":41,"column":38},"end":{"line":41,"column":104}},"24":{"start":{"line":44,"column":31},"end":{"line":44,"column":87}},"25":{"start":{"line":45,"column":12},"end":{"line":45,"column":72}},"26":{"start":{"line":45,"column":29},"end":{"line":45,"column":72}},"27":{"start":{"line":48,"column":39},"end":{"line":55,"column":14}},"28":{"start":{"line":57,"column":12},"end":{"line":59,"column":13}},"29":{"start":{"line":58,"column":16},"end":{"line":58,"column":88}},"30":{"start":{"line":61,"column":25},"end":{"line":68,"column":14}},"31":{"start":{"line":70,"column":12},"end":{"line":73,"column":14}},"32":{"start":{"line":76,"column":12},"end":{"line":76,"column":64}},"33":{"start":{"line":77,"column":12},"end":{"line":77,"column":23}},"34":{"start":{"line":82,"column":8},"end":{"line":273,"column":9}},"35":{"start":{"line":83,"column":47},"end":{"line":83,"column":55}},"36":{"start":{"line":84,"column":39},"end":{"line":84,"column":49}},"37":{"start":{"line":85,"column":35},"end":{"line":85,"column":38}},"38":{"start":{"line":88,"column":31},"end":{"line":88,"column":87}},"39":{"start":{"line":89,"column":12},"end":{"line":89,"column":72}},"40":{"start":{"line":89,"column":29},"end":{"line":89,"column":72}},"41":{"start":{"line":92,"column":33},"end":{"line":92,"column":67}},"42":{"start":{"line":93,"column":12},"end":{"line":93,"column":76}},"43":{"start":{"line":93,"column":31},"end":{"line":93,"column":76}},"44":{"start":{"line":95,"column":12},"end":{"line":98,"column":13}},"45":{"start":{"line":96,"column":16},"end":{"line":96,"column":43}},"46":{"start":{"line":97,"column":16},"end":{"line":97,"column":84}},"47":{"start":{"line":100,"column":27},"end":{"line":100,"column":37}},"48":{"start":{"line":102,"column":33},"end":{"line":102,"column":101}},"49":{"start":{"line":103,"column":12},"end":{"line":103,"column":39}},"50":{"start":{"line":105,"column":30},"end":{"line":105,"column":54}},"51":{"start":{"line":108,"column":29},"end":{"line":108,"column":31}},"52":{"start":{"line":110,"column":12},"end":{"line":233,"column":13}},"53":{"start":{"line":110,"column":25},"end":{"line":110,"column":26}},"54":{"start":{"line":111,"column":39},"end":{"line":111,"column":58}},"55":{"start":{"line":112,"column":39},"end":{"line":112,"column":80}},"56":{"start":{"line":113,"column":40},"end":{"line":113,"column":70}},"57":{"start":{"line":114,"column":38},"end":{"line":114,"column":57}},"58":{"start":{"line":118,"column":41},"end":{"line":134,"column":17}},"59":{"start":{"line":137,"column":40},"end":{"line":137,"column":71}},"60":{"start":{"line":138,"column":39},"end":{"line":138,"column":69}},"61":{"start":{"line":141,"column":41},"end":{"line":157,"column":21}},"62":{"start":{"line":160,"column":39},"end":{"line":160,"column":69}},"63":{"start":{"line":161,"column":37},"end":{"line":161,"column":71}},"64":{"start":{"line":164,"column":31},"end":{"line":175,"column":17}},"65":{"start":{"line":177,"column":33},"end":{"line":196,"column":17}},"66":{"start":{"line":198,"column":44},"end":{"line":198,"column":69}},"67":{"start":{"line":199,"column":45},"end":{"line":199,"column":72}},"68":{"start":{"line":204,"column":38},"end":{"line":204,"column":97}},"69":{"start":{"line":206,"column":41},"end":{"line":225,"column":17}},"70":{"start":{"line":231,"column":16},"end":{"line":231,"column":47}},"71":{"start":{"line":237,"column":12},"end":{"line":241,"column":14}},"72":{"start":{"line":238,"column":16},"end":{"line":240,"column":17}},"73":{"start":{"line":239,"column":20},"end":{"line":239,"column":43}},"74":{"start":{"line":244,"column":34},"end":{"line":244,"column":68}},"75":{"start":{"line":246,"column":33},"end":{"line":246,"column":43}},"76":{"start":{"line":248,"column":12},"end":{"line":262,"column":14}},"77":{"start":{"line":265,"column":12},"end":{"line":268,"column":14}},"78":{"start":{"line":271,"column":12},"end":{"line":271,"column":60}},"79":{"start":{"line":272,"column":12},"end":{"line":272,"column":23}},"80":{"start":{"line":279,"column":0},"end":{"line":279,"column":38}}},"fnMap":{"0":{"name":"isValidDateFormat","decl":{"start":{"line":9,"column":9},"end":{"line":9,"column":26}},"loc":{"start":{"line":9,"column":36},"end":{"line":12,"column":1}},"line":9},"1":{"name":"parseDdMmYyyyToDate","decl":{"start":{"line":14,"column":9},"end":{"line":14,"column":28}},"loc":{"start":{"line":14,"column":38},"end":{"line":17,"column":1}},"line":14},"2":{"name":"(anonymous_2)","decl":{"start":{"line":21,"column":4},"end":{"line":21,"column":5}},"loc":{"start":{"line":21,"column":53},"end":{"line":79,"column":5}},"line":21},"3":{"name":"(anonymous_3)","decl":{"start":{"line":81,"column":5},"end":{"line":81,"column":6}},"loc":{"start":{"line":81,"column":51},"end":{"line":274,"column":5}},"line":81},"4":{"name":"(anonymous_4)","decl":{"start":{"line":237,"column":29},"end":{"line":237,"column":30}},"loc":{"start":{"line":237,"column":37},"end":{"line":241,"column":13}},"line":237}},"branchMap":{"0":{"loc":{"start":{"line":27,"column":12},"end":{"line":29,"column":13}},"type":"if","locations":[{"start":{"line":27,"column":12},"end":{"line":29,"column":13}},{"start":{},"end":{}}],"line":27},"1":{"loc":{"start":{"line":27,"column":16},"end":{"line":27,"column":44}},"type":"binary-expr","locations":[{"start":{"line":27,"column":16},"end":{"line":27,"column":29}},{"start":{"line":27,"column":33},"end":{"line":27,"column":44}}],"line":27},"2":{"loc":{"start":{"line":31,"column":12},"end":{"line":33,"column":13}},"type":"if","locations":[{"start":{"line":31,"column":12},"end":{"line":33,"column":13}},{"start":{},"end":{}}],"line":31},"3":{"loc":{"start":{"line":35,"column":12},"end":{"line":37,"column":13}},"type":"if","locations":[{"start":{"line":35,"column":12},"end":{"line":37,"column":13}},{"start":{},"end":{}}],"line":35},"4":{"loc":{"start":{"line":41,"column":12},"end":{"line":41,"column":104}},"type":"if","locations":[{"start":{"line":41,"column":12},"end":{"line":41,"column":104}},{"start":{},"end":{}}],"line":41},"5":{"loc":{"start":{"line":45,"column":12},"end":{"line":45,"column":72}},"type":"if","locations":[{"start":{"line":45,"column":12},"end":{"line":45,"column":72}},{"start":{},"end":{}}],"line":45},"6":{"loc":{"start":{"line":57,"column":12},"end":{"line":59,"column":13}},"type":"if","locations":[{"start":{"line":57,"column":12},"end":{"line":59,"column":13}},{"start":{},"end":{}}],"line":57},"7":{"loc":{"start":{"line":89,"column":12},"end":{"line":89,"column":72}},"type":"if","locations":[{"start":{"line":89,"column":12},"end":{"line":89,"column":72}},{"start":{},"end":{}}],"line":89},"8":{"loc":{"start":{"line":93,"column":12},"end":{"line":93,"column":76}},"type":"if","locations":[{"start":{"line":93,"column":12},"end":{"line":93,"column":76}},{"start":{},"end":{}}],"line":93},"9":{"loc":{"start":{"line":95,"column":12},"end":{"line":98,"column":13}},"type":"if","locations":[{"start":{"line":95,"column":12},"end":{"line":98,"column":13}},{"start":{},"end":{}}],"line":95},"10":{"loc":{"start":{"line":95,"column":16},"end":{"line":95,"column":64}},"type":"binary-expr","locations":[{"start":{"line":95,"column":16},"end":{"line":95,"column":35}},{"start":{"line":95,"column":39},"end":{"line":95,"column":64}}],"line":95},"11":{"loc":{"start":{"line":238,"column":16},"end":{"line":240,"column":17}},"type":"if","locations":[{"start":{"line":238,"column":16},"end":{"line":240,"column":17}},{"start":{},"end":{}}],"line":238}},"s":{"0":5,"1":5,"2":5,"3":5,"4":5,"5":5,"6":7,"7":7,"8":6,"9":6,"10":5,"11":5,"12":5,"13":5,"14":5,"15":1,"16":4,"17":1,"18":3,"19":0,"20":3,"21":3,"22":3,"23":1,"24":2,"25":2,"26":0,"27":2,"28":2,"29":1,"30":1,"31":1,"32":4,"33":4,"34":2,"35":2,"36":2,"37":2,"38":2,"39":2,"40":0,"41":2,"42":2,"43":0,"44":2,"45":1,"46":1,"47":1,"48":1,"49":1,"50":1,"51":1,"52":1,"53":1,"54":3,"55":3,"56":3,"57":3,"58":3,"59":3,"60":3,"61":3,"62":3,"63":3,"64":3,"65":3,"66":3,"67":3,"68":3,"69":3,"70":3,"71":1,"72":3,"73":0,"74":1,"75":1,"76":1,"77":1,"78":1,"79":1,"80":5},"f":{"0":7,"1":6,"2":5,"3":2,"4":3},"b":{"0":[1,4],"1":[5,4],"2":[1,3],"3":[0,3],"4":[1,2],"5":[0,2],"6":[1,1],"7":[0,2],"8":[0,2],"9":[1,1],"10":[2,1],"11":[0,3]},"_coverageSchema":"1a1c01bbd47fc00a2c39e90264f33305004495a9","hash":"b4bb758087838ded376269b46b799e8c89994740"}
,"/Users/putriindah/mainan/payslip-generator/src/controllers/payslipController.js": {"path":"/Users/putriindah/mainan/payslip-generator/src/controllers/payslipController.js","statementMap":{"0":{"start":{"line":2,"column":22},"end":{"line":2,"column":49}},"1":{"start":{"line":3,"column":25},"end":{"line":3,"column":71}},"2":{"start":{"line":4,"column":29},"end":{"line":4,"column":50}},"3":{"start":{"line":8,"column":8},"end":{"line":56,"column":9}},"4":{"start":{"line":9,"column":50},"end":{"line":9,"column":58}},"5":{"start":{"line":10,"column":35},"end":{"line":10,"column":44}},"6":{"start":{"line":13,"column":34},"end":{"line":13,"column":75}},"7":{"start":{"line":14,"column":12},"end":{"line":16,"column":13}},"8":{"start":{"line":15,"column":16},"end":{"line":15,"column":62}},"9":{"start":{"line":18,"column":26},"end":{"line":42,"column":13}},"10":{"start":{"line":44,"column":12},"end":{"line":46,"column":13}},"11":{"start":{"line":45,"column":16},"end":{"line":45,"column":61}},"12":{"start":{"line":48,"column":12},"end":{"line":51,"column":14}},"13":{"start":{"line":54,"column":12},"end":{"line":54,"column":60}},"14":{"start":{"line":55,"column":12},"end":{"line":55,"column":23}},"15":{"start":{"line":60,"column":8},"end":{"line":108,"column":9}},"16":{"start":{"line":61,"column":47},"end":{"line":61,"column":55}},"17":{"start":{"line":62,"column":39},"end":{"line":62,"column":49}},"18":{"start":{"line":65,"column":31},"end":{"line":65,"column":87}},"19":{"start":{"line":66,"column":12},"end":{"line":66,"column":72}},"20":{"start":{"line":66,"column":29},"end":{"line":66,"column":72}},"21":{"start":{"line":69,"column":36},"end":{"line":83,"column":13}},"22":{"start":{"line":86,"column":42},"end":{"line":96,"column":13}},"23":{"start":{"line":99,"column":12},"end":{"line":103,"column":14}},"24":{"start":{"line":106,"column":12},"end":{"line":106,"column":60}},"25":{"start":{"line":107,"column":12},"end":{"line":107,"column":23}},"26":{"start":{"line":114,"column":0},"end":{"line":114,"column":38}}},"fnMap":{"0":{"name":"(anonymous_0)","decl":{"start":{"line":7,"column":4},"end":{"line":7,"column":5}},"loc":{"start":{"line":7,"column":49},"end":{"line":57,"column":5}},"line":7},"1":{"name":"(anonymous_1)","decl":{"start":{"line":59,"column":5},"end":{"line":59,"column":6}},"loc":{"start":{"line":59,"column":49},"end":{"line":109,"column":5}},"line":59}},"branchMap":{"0":{"loc":{"start":{"line":14,"column":12},"end":{"line":16,"column":13}},"type":"if","locations":[{"start":{"line":14,"column":12},"end":{"line":16,"column":13}},{"start":{},"end":{}}],"line":14},"1":{"loc":{"start":{"line":44,"column":12},"end":{"line":46,"column":13}},"type":"if","locations":[{"start":{"line":44,"column":12},"end":{"line":46,"column":13}},{"start":{},"end":{}}],"line":44},"2":{"loc":{"start":{"line":66,"column":12},"end":{"line":66,"column":72}},"type":"if","locations":[{"start":{"line":66,"column":12},"end":{"line":66,"column":72}},{"start":{},"end":{}}],"line":66}},"s":{"0":5,"1":5,"2":5,"3":2,"4":2,"5":2,"6":2,"7":2,"8":0,"9":2,"10":2,"11":1,"12":1,"13":1,"14":1,"15":1,"16":1,"17":1,"18":1,"19":1,"20":0,"21":1,"22":1,"23":1,"24":0,"25":0,"26":5},"f":{"0":2,"1":1},"b":{"0":[0,2],"1":[1,1],"2":[0,1]},"_coverageSchema":"1a1c01bbd47fc00a2c39e90264f33305004495a9","hash":"2e76efbd62edfd3fece856435d36c1ebc4d80eb1"}
,"/Users/putriindah/mainan/payslip-generator/src/controllers/reimbursementController.js": {"path":"/Users/putriindah/mainan/payslip-generator/src/controllers/reimbursementController.js","statementMap":{"0":{"start":{"line":2,"column":22},"end":{"line":2,"column":49}},"1":{"start":{"line":3,"column":30},"end":{"line":3,"column":69}},"2":{"start":{"line":4,"column":25},"end":{"line":4,"column":71}},"3":{"start":{"line":5,"column":26},"end":{"line":5,"column":47}},"4":{"start":{"line":9,"column":8},"end":{"line":43,"column":9}},"5":{"start":{"line":10,"column":50},"end":{"line":10,"column":58}},"6":{"start":{"line":11,"column":43},"end":{"line":11,"column":51}},"7":{"start":{"line":12,"column":35},"end":{"line":12,"column":38}},"8":{"start":{"line":14,"column":12},"end":{"line":16,"column":13}},"9":{"start":{"line":15,"column":16},"end":{"line":15,"column":83}},"10":{"start":{"line":18,"column":12},"end":{"line":20,"column":13}},"11":{"start":{"line":19,"column":16},"end":{"line":19,"column":66}},"12":{"start":{"line":22,"column":34},"end":{"line":22,"column":75}},"13":{"start":{"line":23,"column":12},"end":{"line":23,"column":78}},"14":{"start":{"line":23,"column":32},"end":{"line":23,"column":78}},"15":{"start":{"line":25,"column":25},"end":{"line":33,"column":14}},"16":{"start":{"line":35,"column":12},"end":{"line":38,"column":14}},"17":{"start":{"line":41,"column":12},"end":{"line":41,"column":60}},"18":{"start":{"line":42,"column":12},"end":{"line":42,"column":23}},"19":{"start":{"line":48,"column":0},"end":{"line":48,"column":44}}},"fnMap":{"0":{"name":"(anonymous_0)","decl":{"start":{"line":8,"column":4},"end":{"line":8,"column":5}},"loc":{"start":{"line":8,"column":53},"end":{"line":44,"column":5}},"line":8}},"branchMap":{"0":{"loc":{"start":{"line":14,"column":12},"end":{"line":16,"column":13}},"type":"if","locations":[{"start":{"line":14,"column":12},"end":{"line":16,"column":13}},{"start":{},"end":{}}],"line":14},"1":{"loc":{"start":{"line":14,"column":16},"end":{"line":14,"column":39}},"type":"binary-expr","locations":[{"start":{"line":14,"column":16},"end":{"line":14,"column":23}},{"start":{"line":14,"column":27},"end":{"line":14,"column":39}}],"line":14},"2":{"loc":{"start":{"line":18,"column":12},"end":{"line":20,"column":13}},"type":"if","locations":[{"start":{"line":18,"column":12},"end":{"line":20,"column":13}},{"start":{},"end":{}}],"line":18},"3":{"loc":{"start":{"line":23,"column":12},"end":{"line":23,"column":78}},"type":"if","locations":[{"start":{"line":23,"column":12},"end":{"line":23,"column":78}},{"start":{},"end":{}}],"line":23}},"s":{"0":5,"1":5,"2":5,"3":5,"4":3,"5":3,"6":3,"7":3,"8":3,"9":1,"10":2,"11":1,"12":1,"13":1,"14":0,"15":1,"16":1,"17":2,"18":2,"19":5},"f":{"0":3},"b":{"0":[1,2],"1":[3,2],"2":[1,1],"3":[0,1]},"_coverageSchema":"1a1c01bbd47fc00a2c39e90264f33305004495a9","hash":"5c002239dbd20f6b670892dae03b03885194495b"}
,"/Users/putriindah/mainan/payslip-generator/src/controllers/userController.js": {"path":"/Users/putriindah/mainan/payslip-generator/src/controllers/userController.js","statementMap":{"0":{"start":{"line":1,"column":28},"end":{"line":1,"column":49}},"1":{"start":{"line":2,"column":29},"end":{"line":2,"column":57}},"2":{"start":{"line":3,"column":26},"end":{"line":3,"column":51}},"3":{"start":{"line":4,"column":22},"end":{"line":4,"column":49}},"4":{"start":{"line":5,"column":25},"end":{"line":5,"column":71}},"5":{"start":{"line":9,"column":8},"end":{"line":39,"column":9}},"6":{"start":{"line":10,"column":43},"end":{"line":10,"column":51}},"7":{"start":{"line":13,"column":34},"end":{"line":13,"column":68}},"8":{"start":{"line":15,"column":12},"end":{"line":17,"column":13}},"9":{"start":{"line":16,"column":16},"end":{"line":16,"column":72}},"10":{"start":{"line":19,"column":36},"end":{"line":19,"column":97}},"11":{"start":{"line":20,"column":12},"end":{"line":22,"column":13}},"12":{"start":{"line":21,"column":15},"end":{"line":21,"column":71}},"13":{"start":{"line":24,"column":26},"end":{"line":28,"column":14}},"14":{"start":{"line":30,"column":12},"end":{"line":35,"column":14}},"15":{"start":{"line":38,"column":12},"end":{"line":38,"column":23}},"16":{"start":{"line":43,"column":8},"end":{"line":77,"column":9}},"17":{"start":{"line":44,"column":44},"end":{"line":44,"column":52}},"18":{"start":{"line":47,"column":31},"end":{"line":51,"column":14}},"19":{"start":{"line":53,"column":12},"end":{"line":55,"column":13}},"20":{"start":{"line":54,"column":16},"end":{"line":54,"column":72}},"21":{"start":{"line":57,"column":36},"end":{"line":57,"column":94}},"22":{"start":{"line":58,"column":12},"end":{"line":60,"column":13}},"23":{"start":{"line":59,"column":15},"end":{"line":59,"column":71}},"24":{"start":{"line":62,"column":26},"end":{"line":66,"column":14}},"25":{"start":{"line":68,"column":12},"end":{"line":73,"column":14}},"26":{"start":{"line":76,"column":12},"end":{"line":76,"column":23}},"27":{"start":{"line":81,"column":0},"end":{"line":81,"column":35}}},"fnMap":{"0":{"name":"(anonymous_0)","decl":{"start":{"line":8,"column":4},"end":{"line":8,"column":5}},"loc":{"start":{"line":8,"column":47},"end":{"line":40,"column":5}},"line":8},"1":{"name":"(anonymous_1)","decl":{"start":{"line":42,"column":4},"end":{"line":42,"column":5}},"loc":{"start":{"line":42,"column":44},"end":{"line":78,"column":5}},"line":42}},"branchMap":{"0":{"loc":{"start":{"line":15,"column":12},"end":{"line":17,"column":13}},"type":"if","locations":[{"start":{"line":15,"column":12},"end":{"line":17,"column":13}},{"start":{},"end":{}}],"line":15},"1":{"loc":{"start":{"line":20,"column":12},"end":{"line":22,"column":13}},"type":"if","locations":[{"start":{"line":20,"column":12},"end":{"line":22,"column":13}},{"start":{},"end":{}}],"line":20},"2":{"loc":{"start":{"line":53,"column":12},"end":{"line":55,"column":13}},"type":"if","locations":[{"start":{"line":53,"column":12},"end":{"line":55,"column":13}},{"start":{},"end":{}}],"line":53},"3":{"loc":{"start":{"line":58,"column":12},"end":{"line":60,"column":13}},"type":"if","locations":[{"start":{"line":58,"column":12},"end":{"line":60,"column":13}},{"start":{},"end":{}}],"line":58}},"s":{"0":5,"1":5,"2":5,"3":5,"4":5,"5":7,"6":7,"7":7,"8":7,"9":3,"10":4,"11":4,"12":0,"13":4,"14":4,"15":3,"16":4,"17":4,"18":4,"19":4,"20":0,"21":4,"22":4,"23":0,"24":4,"25":4,"26":0,"27":5},"f":{"0":7,"1":4},"b":{"0":[3,4],"1":[0,4],"2":[0,4],"3":[0,4]},"_coverageSchema":"1a1c01bbd47fc00a2c39e90264f33305004495a9","hash":"6b85e823789a61937d6a90219f04d30756e88d51"}
,"/Users/putriindah/mainan/payslip-generator/src/helpers/attendanceHelper.js": {"path":"/Users/putriindah/mainan/payslip-generator/src/helpers/attendanceHelper.js","statementMap":{"0":{"start":{"line":2,"column":24},"end":{"line":4,"column":5}},"1":{"start":{"line":6,"column":16},"end":{"line":6,"column":36}},"2":{"start":{"line":7,"column":4},"end":{"line":7,"column":33}},"3":{"start":{"line":10,"column":0},"end":{"line":10,"column":35}}},"fnMap":{"0":{"name":"isWeekendInJakarta","decl":{"start":{"line":1,"column":9},"end":{"line":1,"column":27}},"loc":{"start":{"line":1,"column":52},"end":{"line":8,"column":1}},"line":1}},"branchMap":{"0":{"loc":{"start":{"line":1,"column":28},"end":{"line":1,"column":50}},"type":"default-arg","locations":[{"start":{"line":1,"column":40},"end":{"line":1,"column":50}}],"line":1},"1":{"loc":{"start":{"line":7,"column":11},"end":{"line":7,"column":33}},"type":"binary-expr","locations":[{"start":{"line":7,"column":11},"end":{"line":7,"column":20}},{"start":{"line":7,"column":24},"end":{"line":7,"column":33}}],"line":7}},"s":{"0":0,"1":0,"2":0,"3":3},"f":{"0":0},"b":{"0":[0],"1":[0,0]},"_coverageSchema":"1a1c01bbd47fc00a2c39e90264f33305004495a9","hash":"bfc42801c19963d39dbaccfef19da9f1742a9a2a"}
,"/Users/putriindah/mainan/payslip-generator/src/helpers/bcrypt.js": {"path":"/Users/putriindah/mainan/payslip-generator/src/helpers/bcrypt.js","statementMap":{"0":{"start":{"line":1,"column":15},"end":{"line":1,"column":34}},"1":{"start":{"line":4,"column":4},"end":{"line":4,"column":60}},"2":{"start":{"line":8,"column":4},"end":{"line":8,"column":60}},"3":{"start":{"line":11,"column":0},"end":{"line":14,"column":1}}},"fnMap":{"0":{"name":"hashPassword","decl":{"start":{"line":3,"column":9},"end":{"line":3,"column":21}},"loc":{"start":{"line":3,"column":32},"end":{"line":5,"column":1}},"line":3},"1":{"name":"validatePassword","decl":{"start":{"line":7,"column":9},"end":{"line":7,"column":25}},"loc":{"start":{"line":7,"column":57},"end":{"line":9,"column":1}},"line":7}},"branchMap":{},"s":{"0":5,"1":0,"2":8,"3":5},"f":{"0":0,"1":8},"b":{},"_coverageSchema":"1a1c01bbd47fc00a2c39e90264f33305004495a9","hash":"921848f362d8592712d82226bced331a33e5814c"}
,"/Users/putriindah/mainan/payslip-generator/src/helpers/error.js": {"path":"/Users/putriindah/mainan/payslip-generator/src/helpers/error.js","statementMap":{"0":{"start":{"line":3,"column":8},"end":{"line":3,"column":23}},"1":{"start":{"line":4,"column":8},"end":{"line":4,"column":32}},"2":{"start":{"line":5,"column":8},"end":{"line":5,"column":25}},"3":{"start":{"line":6,"column":8},"end":{"line":6,"column":49}},"4":{"start":{"line":10,"column":8},"end":{"line":15,"column":10}},"5":{"start":{"line":19,"column":0},"end":{"line":19,"column":30}}},"fnMap":{"0":{"name":"(anonymous_0)","decl":{"start":{"line":2,"column":4},"end":{"line":2,"column":5}},"loc":{"start":{"line":2,"column":31},"end":{"line":7,"column":5}},"line":2},"1":{"name":"(anonymous_1)","decl":{"start":{"line":9,"column":4},"end":{"line":9,"column":5}},"loc":{"start":{"line":9,"column":13},"end":{"line":16,"column":5}},"line":9}},"branchMap":{},"s":{"0":28,"1":28,"2":28,"3":28,"4":28,"5":5},"f":{"0":28,"1":28},"b":{},"_coverageSchema":"1a1c01bbd47fc00a2c39e90264f33305004495a9","hash":"15afe418c7eb6b89e68f111e34e58b7e2844dd1c"}
,"/Users/putriindah/mainan/payslip-generator/src/helpers/generateRequestId.js": {"path":"/Users/putriindah/mainan/payslip-generator/src/helpers/generateRequestId.js","statementMap":{"0":{"start":{"line":1,"column":15},"end":{"line":1,"column":32}},"1":{"start":{"line":4,"column":4},"end":{"line":4,"column":31}},"2":{"start":{"line":7,"column":0},"end":{"line":7,"column":38}}},"fnMap":{"0":{"name":"generateRequestId","decl":{"start":{"line":3,"column":9},"end":{"line":3,"column":26}},"loc":{"start":{"line":3,"column":29},"end":{"line":5,"column":1}},"line":3}},"branchMap":{},"s":{"0":5,"1":26,"2":5},"f":{"0":26},"b":{},"_coverageSchema":"1a1c01bbd47fc00a2c39e90264f33305004495a9","hash":"5054b4c1b6c1c3bcd9ba03c0cef27a0b25bf369b"}
,"/Users/putriindah/mainan/payslip-generator/src/helpers/jwt.js": {"path":"/Users/putriindah/mainan/payslip-generator/src/helpers/jwt.js","statementMap":{"0":{"start":{"line":1,"column":12},"end":{"line":1,"column":35}},"1":{"start":{"line":2,"column":19},"end":{"line":2,"column":55}},"2":{"start":{"line":5,"column":4},"end":{"line":5,"column":40}},"3":{"start":{"line":9,"column":4},"end":{"line":9,"column":40}},"4":{"start":{"line":12,"column":0},"end":{"line":12,"column":47}}},"fnMap":{"0":{"name":"generateToken","decl":{"start":{"line":4,"column":9},"end":{"line":4,"column":22}},"loc":{"start":{"line":4,"column":32},"end":{"line":6,"column":1}},"line":4},"1":{"name":"verifyToken","decl":{"start":{"line":8,"column":9},"end":{"line":8,"column":20}},"loc":{"start":{"line":8,"column":28},"end":{"line":10,"column":1}},"line":8}},"branchMap":{"0":{"loc":{"start":{"line":2,"column":19},"end":{"line":2,"column":55}},"type":"binary-expr","locations":[{"start":{"line":2,"column":19},"end":{"line":2,"column":41}},{"start":{"line":2,"column":45},"end":{"line":2,"column":55}}],"line":2}},"s":{"0":5,"1":5,"2":8,"3":0,"4":5},"f":{"0":8,"1":0},"b":{"0":[5,0]},"_coverageSchema":"1a1c01bbd47fc00a2c39e90264f33305004495a9","hash":"5f573d44ca839f44f7d1dcf690d17822e03a4178"}
,"/Users/putriindah/mainan/payslip-generator/src/helpers/services/employeeHelpers.js": {"path":"/Users/putriindah/mainan/payslip-generator/src/helpers/services/employeeHelpers.js","statementMap":{"0":{"start":{"line":1,"column":21},"end":{"line":1,"column":44}},"1":{"start":{"line":2,"column":22},"end":{"line":2,"column":41}},"2":{"start":{"line":5,"column":4},"end":{"line":16,"column":5}},"3":{"start":{"line":6,"column":22},"end":{"line":6,"column":24}},"4":{"start":{"line":7,"column":8},"end":{"line":7,"column":30}},"5":{"start":{"line":7,"column":16},"end":{"line":7,"column":30}},"6":{"start":{"line":8,"column":8},"end":{"line":8,"column":48}},"7":{"start":{"line":8,"column":22},"end":{"line":8,"column":48}},"8":{"start":{"line":10,"column":25},"end":{"line":10,"column":58}},"9":{"start":{"line":11,"column":8},"end":{"line":11,"column":34}},"10":{"start":{"line":11,"column":23},"end":{"line":11,"column":34}},"11":{"start":{"line":12,"column":8},"end":{"line":12,"column":24}},"12":{"start":{"line":14,"column":8},"end":{"line":14,"column":55}},"13":{"start":{"line":15,"column":8},"end":{"line":15,"column":19}},"14":{"start":{"line":19,"column":0},"end":{"line":19,"column":34}}},"fnMap":{"0":{"name":"findEmployee","decl":{"start":{"line":4,"column":15},"end":{"line":4,"column":27}},"loc":{"start":{"line":4,"column":56},"end":{"line":17,"column":1}},"line":4}},"branchMap":{"0":{"loc":{"start":{"line":4,"column":28},"end":{"line":4,"column":37}},"type":"default-arg","locations":[{"start":{"line":4,"column":33},"end":{"line":4,"column":37}}],"line":4},"1":{"loc":{"start":{"line":4,"column":39},"end":{"line":4,"column":54}},"type":"default-arg","locations":[{"start":{"line":4,"column":50},"end":{"line":4,"column":54}}],"line":4},"2":{"loc":{"start":{"line":7,"column":8},"end":{"line":7,"column":30}},"type":"if","locations":[{"start":{"line":7,"column":8},"end":{"line":7,"column":30}},{"start":{},"end":{}}],"line":7},"3":{"loc":{"start":{"line":8,"column":8},"end":{"line":8,"column":48}},"type":"if","locations":[{"start":{"line":8,"column":8},"end":{"line":8,"column":48}},{"start":{},"end":{}}],"line":8},"4":{"loc":{"start":{"line":11,"column":8},"end":{"line":11,"column":34}},"type":"if","locations":[{"start":{"line":11,"column":8},"end":{"line":11,"column":34}},{"start":{},"end":{}}],"line":11}},"s":{"0":5,"1":5,"2":17,"3":17,"4":17,"5":10,"6":17,"7":17,"8":17,"9":17,"10":3,"11":14,"12":0,"13":0,"14":5},"f":{"0":17},"b":{"0":[0],"1":[0],"2":[10,7],"3":[17,0],"4":[3,14]},"_coverageSchema":"1a1c01bbd47fc00a2c39e90264f33305004495a9","hash":"fb935c5211f86fa711bbf91f1ca2f9429e5a230d"}
,"/Users/putriindah/mainan/payslip-generator/src/helpers/services/payrollAndPayslipHelpers.js": {"path":"/Users/putriindah/mainan/payslip-generator/src/helpers/services/payrollAndPayslipHelpers.js","statementMap":{"0":{"start":{"line":3,"column":14},"end":{"line":3,"column":15}},"1":{"start":{"line":4,"column":16},"end":{"line":4,"column":35}},"2":{"start":{"line":7,"column":2},"end":{"line":7,"column":31}},"3":{"start":{"line":8,"column":2},"end":{"line":8,"column":30}},"4":{"start":{"line":9,"column":2},"end":{"line":9,"column":31}},"5":{"start":{"line":11,"column":2},"end":{"line":17,"column":3}},"6":{"start":{"line":12,"column":16},"end":{"line":12,"column":32}},"7":{"start":{"line":13,"column":4},"end":{"line":15,"column":5}},"8":{"start":{"line":14,"column":6},"end":{"line":14,"column":14}},"9":{"start":{"line":16,"column":4},"end":{"line":16,"column":43}},"10":{"start":{"line":19,"column":2},"end":{"line":19,"column":15}},"11":{"start":{"line":22,"column":0},"end":{"line":22,"column":38}}},"fnMap":{"0":{"name":"countWorkingDays","decl":{"start":{"line":2,"column":9},"end":{"line":2,"column":25}},"loc":{"start":{"line":2,"column":46},"end":{"line":20,"column":1}},"line":2}},"branchMap":{"0":{"loc":{"start":{"line":13,"column":4},"end":{"line":15,"column":5}},"type":"if","locations":[{"start":{"line":13,"column":4},"end":{"line":15,"column":5}},{"start":{},"end":{}}],"line":13},"1":{"loc":{"start":{"line":13,"column":8},"end":{"line":13,"column":28}},"type":"binary-expr","locations":[{"start":{"line":13,"column":8},"end":{"line":13,"column":16}},{"start":{"line":13,"column":20},"end":{"line":13,"column":28}}],"line":13}},"s":{"0":1,"1":1,"2":1,"3":1,"4":1,"5":1,"6":3,"7":3,"8":2,"9":3,"10":1,"11":5},"f":{"0":1},"b":{"0":[2,1],"1":[3,3]},"_coverageSchema":"1a1c01bbd47fc00a2c39e90264f33305004495a9","hash":"002b94036cd53938edba1625755e2013cd67d7a0"}
,"/Users/putriindah/mainan/payslip-generator/src/middlewares/authentication.js": {"path":"/Users/putriindah/mainan/payslip-generator/src/middlewares/authentication.js","statementMap":{"0":{"start":{"line":1,"column":22},"end":{"line":1,"column":49}},"1":{"start":{"line":2,"column":12},"end":{"line":2,"column":35}},"2":{"start":{"line":3,"column":15},"end":{"line":3,"column":51}},"3":{"start":{"line":4,"column":28},"end":{"line":4,"column":48}},"4":{"start":{"line":8,"column":13},"end":{"line":13,"column":19}},"5":{"start":{"line":16,"column":4},"end":{"line":16,"column":68}},"6":{"start":{"line":16,"column":51},"end":{"line":16,"column":68}},"7":{"start":{"line":17,"column":4},"end":{"line":17,"column":14}},"8":{"start":{"line":21,"column":23},"end":{"line":21,"column":51}},"9":{"start":{"line":22,"column":4},"end":{"line":24,"column":5}},"10":{"start":{"line":23,"column":8},"end":{"line":23,"column":64}},"11":{"start":{"line":27,"column":18},"end":{"line":27,"column":39}},"12":{"start":{"line":28,"column":4},"end":{"line":30,"column":5}},"13":{"start":{"line":29,"column":8},"end":{"line":29,"column":64}},"14":{"start":{"line":32,"column":25},"end":{"line":32,"column":33}},"15":{"start":{"line":34,"column":4},"end":{"line":77,"column":5}},"16":{"start":{"line":35,"column":24},"end":{"line":35,"column":56}},"17":{"start":{"line":36,"column":8},"end":{"line":36,"column":75}},"18":{"start":{"line":36,"column":22},"end":{"line":36,"column":75}},"19":{"start":{"line":38,"column":39},"end":{"line":38,"column":46}},"20":{"start":{"line":39,"column":19},"end":{"line":39,"column":23}},"21":{"start":{"line":41,"column":8},"end":{"line":51,"column":9}},"22":{"start":{"line":42,"column":12},"end":{"line":50,"column":14}},"23":{"start":{"line":53,"column":8},"end":{"line":63,"column":9}},"24":{"start":{"line":54,"column":12},"end":{"line":62,"column":14}},"25":{"start":{"line":65,"column":8},"end":{"line":65,"column":69}},"26":{"start":{"line":65,"column":19},"end":{"line":65,"column":69}},"27":{"start":{"line":67,"column":8},"end":{"line":67,"column":43}},"28":{"start":{"line":69,"column":8},"end":{"line":73,"column":9}},"29":{"start":{"line":74,"column":8},"end":{"line":74,"column":15}},"30":{"start":{"line":76,"column":8},"end":{"line":76,"column":68}},"31":{"start":{"line":80,"column":0},"end":{"line":80,"column":35}}},"fnMap":{"0":{"name":"getRequestIp","decl":{"start":{"line":6,"column":9},"end":{"line":6,"column":21}},"loc":{"start":{"line":6,"column":27},"end":{"line":18,"column":1}},"line":6},"1":{"name":"authentication","decl":{"start":{"line":20,"column":15},"end":{"line":20,"column":29}},"loc":{"start":{"line":20,"column":46},"end":{"line":78,"column":1}},"line":20}},"branchMap":{"0":{"loc":{"start":{"line":3,"column":15},"end":{"line":3,"column":51}},"type":"binary-expr","locations":[{"start":{"line":3,"column":15},"end":{"line":3,"column":37}},{"start":{"line":3,"column":41},"end":{"line":3,"column":51}}],"line":3},"1":{"loc":{"start":{"line":8,"column":13},"end":{"line":13,"column":19}},"type":"binary-expr","locations":[{"start":{"line":8,"column":13},"end":{"line":8,"column":65}},{"start":{"line":9,"column":15},"end":{"line":9,"column":21}},{"start":{"line":10,"column":15},"end":{"line":10,"column":44}},{"start":{"line":11,"column":15},"end":{"line":11,"column":40}},{"start":{"line":12,"column":15},"end":{"line":12,"column":52}},{"start":{"line":13,"column":15},"end":{"line":13,"column":19}}],"line":8},"2":{"loc":{"start":{"line":16,"column":4},"end":{"line":16,"column":68}},"type":"if","locations":[{"start":{"line":16,"column":4},"end":{"line":16,"column":68}},{"start":{},"end":{}}],"line":16},"3":{"loc":{"start":{"line":16,"column":8},"end":{"line":16,"column":49}},"type":"binary-expr","locations":[{"start":{"line":16,"column":8},"end":{"line":16,"column":20}},{"start":{"line":16,"column":24},"end":{"line":16,"column":49}}],"line":16},"4":{"loc":{"start":{"line":22,"column":4},"end":{"line":24,"column":5}},"type":"if","locations":[{"start":{"line":22,"column":4},"end":{"line":24,"column":5}},{"start":{},"end":{}}],"line":22},"5":{"loc":{"start":{"line":28,"column":4},"end":{"line":30,"column":5}},"type":"if","locations":[{"start":{"line":28,"column":4},"end":{"line":30,"column":5}},{"start":{},"end":{}}],"line":28},"6":{"loc":{"start":{"line":28,"column":8},"end":{"line":28,"column":51}},"type":"binary-expr","locations":[{"start":{"line":28,"column":8},"end":{"line":28,"column":26}},{"start":{"line":28,"column":30},"end":{"line":28,"column":51}}],"line":28},"7":{"loc":{"start":{"line":36,"column":8},"end":{"line":36,"column":75}},"type":"if","locations":[{"start":{"line":36,"column":8},"end":{"line":36,"column":75}},{"start":{},"end":{}}],"line":36},"8":{"loc":{"start":{"line":41,"column":8},"end":{"line":51,"column":9}},"type":"if","locations":[{"start":{"line":41,"column":8},"end":{"line":51,"column":9}},{"start":{},"end":{}}],"line":41},"9":{"loc":{"start":{"line":53,"column":8},"end":{"line":63,"column":9}},"type":"if","locations":[{"start":{"line":53,"column":8},"end":{"line":63,"column":9}},{"start":{},"end":{}}],"line":53},"10":{"loc":{"start":{"line":65,"column":8},"end":{"line":65,"column":69}},"type":"if","locations":[{"start":{"line":65,"column":8},"end":{"line":65,"column":69}},{"start":{},"end":{}}],"line":65}},"s":{"0":5,"1":5,"2":5,"3":5,"4":26,"5":26,"6":26,"7":26,"8":35,"9":35,"10":3,"11":32,"12":32,"13":0,"14":32,"15":32,"16":32,"17":26,"18":0,"19":26,"20":26,"21":26,"22":11,"23":26,"24":15,"25":26,"26":0,"27":26,"28":26,"29":26,"30":6,"31":5},"f":{"0":26,"1":35},"b":{"0":[5,0],"1":[26,26,0,0,0,0],"2":[26,0],"3":[26,26],"4":[3,32],"5":[0,32],"6":[32,32],"7":[0,26],"8":[11,15],"9":[15,11],"10":[0,26]},"_coverageSchema":"1a1c01bbd47fc00a2c39e90264f33305004495a9","hash":"8dd9c1d1a1e2c864b13090b1dbce56daa9acc476"}
,"/Users/putriindah/mainan/payslip-generator/src/middlewares/authorization.js": {"path":"/Users/putriindah/mainan/payslip-generator/src/middlewares/authorization.js","statementMap":{"0":{"start":{"line":1,"column":22},"end":{"line":1,"column":49}},"1":{"start":{"line":4,"column":4},"end":{"line":14,"column":5}},"2":{"start":{"line":5,"column":25},"end":{"line":5,"column":33}},"3":{"start":{"line":7,"column":8},"end":{"line":11,"column":9}},"4":{"start":{"line":8,"column":12},"end":{"line":8,"column":18}},"5":{"start":{"line":10,"column":12},"end":{"line":10,"column":62}},"6":{"start":{"line":13,"column":8},"end":{"line":13,"column":19}},"7":{"start":{"line":18,"column":4},"end":{"line":28,"column":5}},"8":{"start":{"line":19,"column":25},"end":{"line":19,"column":33}},"9":{"start":{"line":20,"column":8},"end":{"line":20,"column":27}},"10":{"start":{"line":21,"column":8},"end":{"line":25,"column":9}},"11":{"start":{"line":22,"column":12},"end":{"line":22,"column":18}},"12":{"start":{"line":24,"column":12},"end":{"line":24,"column":62}},"13":{"start":{"line":27,"column":8},"end":{"line":27,"column":19}},"14":{"start":{"line":31,"column":0},"end":{"line":31,"column":62}}},"fnMap":{"0":{"name":"adminAuthorization","decl":{"start":{"line":3,"column":15},"end":{"line":3,"column":33}},"loc":{"start":{"line":3,"column":50},"end":{"line":15,"column":1}},"line":3},"1":{"name":"employeeAuthorization","decl":{"start":{"line":17,"column":15},"end":{"line":17,"column":36}},"loc":{"start":{"line":17,"column":53},"end":{"line":29,"column":1}},"line":17}},"branchMap":{"0":{"loc":{"start":{"line":7,"column":8},"end":{"line":11,"column":9}},"type":"if","locations":[{"start":{"line":7,"column":8},"end":{"line":11,"column":9}},{"start":{"line":9,"column":15},"end":{"line":11,"column":9}}],"line":7},"1":{"loc":{"start":{"line":21,"column":8},"end":{"line":25,"column":9}},"type":"if","locations":[{"start":{"line":21,"column":8},"end":{"line":25,"column":9}},{"start":{"line":23,"column":15},"end":{"line":25,"column":9}}],"line":21}},"s":{"0":5,"1":8,"2":8,"3":8,"4":8,"5":0,"6":0,"7":18,"8":18,"9":18,"10":18,"11":15,"12":3,"13":3,"14":5},"f":{"0":8,"1":18},"b":{"0":[8,0],"1":[15,3]},"_coverageSchema":"1a1c01bbd47fc00a2c39e90264f33305004495a9","hash":"3254adabc739755f37896afe952c373f40493a5a"}
,"/Users/putriindah/mainan/payslip-generator/src/middlewares/errorHandler.js": {"path":"/Users/putriindah/mainan/payslip-generator/src/middlewares/errorHandler.js","statementMap":{"0":{"start":{"line":1,"column":22},"end":{"line":1,"column":49}},"1":{"start":{"line":4,"column":4},"end":{"line":6,"column":5}},"2":{"start":{"line":5,"column":8},"end":{"line":5,"column":55}},"3":{"start":{"line":8,"column":4},"end":{"line":13,"column":7}},"4":{"start":{"line":16,"column":0},"end":{"line":16,"column":33}}},"fnMap":{"0":{"name":"errorHandler","decl":{"start":{"line":3,"column":9},"end":{"line":3,"column":21}},"loc":{"start":{"line":3,"column":44},"end":{"line":14,"column":1}},"line":3}},"branchMap":{"0":{"loc":{"start":{"line":4,"column":4},"end":{"line":6,"column":5}},"type":"if","locations":[{"start":{"line":4,"column":4},"end":{"line":6,"column":5}},{"start":{},"end":{}}],"line":4}},"s":{"0":5,"1":28,"2":28,"3":0,"4":5},"f":{"0":28},"b":{"0":[28,0]},"_coverageSchema":"1a1c01bbd47fc00a2c39e90264f33305004495a9","hash":"d62d20ccdd870c0eca102fe7cc6da0b9829c852b"}
,"/Users/putriindah/mainan/payslip-generator/src/models/admin.js": {"path":"/Users/putriindah/mainan/payslip-generator/src/models/admin.js","statementMap":{"0":{"start":{"line":4,"column":4},"end":{"line":4,"column":24}},"1":{"start":{"line":5,"column":0},"end":{"line":75,"column":2}},"2":{"start":{"line":15,"column":6},"end":{"line":18,"column":9}},"3":{"start":{"line":20,"column":6},"end":{"line":23,"column":9}},"4":{"start":{"line":25,"column":6},"end":{"line":28,"column":9}},"5":{"start":{"line":30,"column":6},"end":{"line":33,"column":9}},"6":{"start":{"line":36,"column":2},"end":{"line":73,"column":5}},"7":{"start":{"line":74,"column":2},"end":{"line":74,"column":15}}},"fnMap":{"0":{"name":"(anonymous_0)","decl":{"start":{"line":5,"column":17},"end":{"line":5,"column":18}},"loc":{"start":{"line":5,"column":43},"end":{"line":75,"column":1}},"line":5},"1":{"name":"(anonymous_1)","decl":{"start":{"line":12,"column":4},"end":{"line":12,"column":5}},"loc":{"start":{"line":12,"column":29},"end":{"line":34,"column":5}},"line":12}},"branchMap":{},"s":{"0":5,"1":5,"2":5,"3":5,"4":5,"5":5,"6":5,"7":5},"f":{"0":5,"1":5},"b":{},"_coverageSchema":"1a1c01bbd47fc00a2c39e90264f33305004495a9","hash":"0d2ed599aa11d9000508ff7160cf6d4ed068411b"}
,"/Users/putriindah/mainan/payslip-generator/src/models/attendance.js": {"path":"/Users/putriindah/mainan/payslip-generator/src/models/attendance.js","statementMap":{"0":{"start":{"line":4,"column":4},"end":{"line":4,"column":24}},"1":{"start":{"line":5,"column":0},"end":{"line":91,"column":2}},"2":{"start":{"line":9,"column":6},"end":{"line":9,"column":91}},"3":{"start":{"line":11,"column":6},"end":{"line":11,"column":89}},"4":{"start":{"line":13,"column":6},"end":{"line":13,"column":89}},"5":{"start":{"line":16,"column":2},"end":{"line":89,"column":5}},"6":{"start":{"line":90,"column":2},"end":{"line":90,"column":20}}},"fnMap":{"0":{"name":"(anonymous_0)","decl":{"start":{"line":5,"column":17},"end":{"line":5,"column":18}},"loc":{"start":{"line":5,"column":43},"end":{"line":91,"column":1}},"line":5},"1":{"name":"(anonymous_1)","decl":{"start":{"line":7,"column":4},"end":{"line":7,"column":5}},"loc":{"start":{"line":7,"column":29},"end":{"line":14,"column":5}},"line":7}},"branchMap":{},"s":{"0":5,"1":5,"2":5,"3":5,"4":5,"5":5,"6":5},"f":{"0":5,"1":5},"b":{},"_coverageSchema":"1a1c01bbd47fc00a2c39e90264f33305004495a9","hash":"dfb590b4ea98b1a33cf7b413df13ef6ca9846f6b"}
,"/Users/putriindah/mainan/payslip-generator/src/models/audit_log.js": {"path":"/Users/putriindah/mainan/payslip-generator/src/models/audit_log.js","statementMap":{"0":{"start":{"line":4,"column":4},"end":{"line":4,"column":24}},"1":{"start":{"line":5,"column":0},"end":{"line":76,"column":2}},"2":{"start":{"line":11,"column":2},"end":{"line":74,"column":5}},"3":{"start":{"line":75,"column":2},"end":{"line":75,"column":19}}},"fnMap":{"0":{"name":"(anonymous_0)","decl":{"start":{"line":5,"column":17},"end":{"line":5,"column":18}},"loc":{"start":{"line":5,"column":43},"end":{"line":76,"column":1}},"line":5},"1":{"name":"(anonymous_1)","decl":{"start":{"line":7,"column":4},"end":{"line":7,"column":5}},"loc":{"start":{"line":7,"column":29},"end":{"line":9,"column":5}},"line":7}},"branchMap":{},"s":{"0":5,"1":5,"2":5,"3":5},"f":{"0":5,"1":5},"b":{},"_coverageSchema":"1a1c01bbd47fc00a2c39e90264f33305004495a9","hash":"9f172ea247be088fa0662fe47dc8ab28a7f9395c"}
,"/Users/putriindah/mainan/payslip-generator/src/models/employee.js": {"path":"/Users/putriindah/mainan/payslip-generator/src/models/employee.js","statementMap":{"0":{"start":{"line":2,"column":18},"end":{"line":2,"column":38}},"1":{"start":{"line":4,"column":0},"end":{"line":67,"column":2}},"2":{"start":{"line":8,"column":6},"end":{"line":8,"column":92}},"3":{"start":{"line":9,"column":6},"end":{"line":9,"column":99}},"4":{"start":{"line":10,"column":6},"end":{"line":10,"column":99}},"5":{"start":{"line":13,"column":6},"end":{"line":13,"column":88}},"6":{"start":{"line":14,"column":6},"end":{"line":14,"column":95}},"7":{"start":{"line":15,"column":6},"end":{"line":15,"column":95}},"8":{"start":{"line":18,"column":6},"end":{"line":18,"column":98}},"9":{"start":{"line":19,"column":6},"end":{"line":19,"column":105}},"10":{"start":{"line":20,"column":6},"end":{"line":20,"column":105}},"11":{"start":{"line":24,"column":2},"end":{"line":64,"column":5}},"12":{"start":{"line":66,"column":2},"end":{"line":66,"column":18}}},"fnMap":{"0":{"name":"(anonymous_0)","decl":{"start":{"line":4,"column":17},"end":{"line":4,"column":18}},"loc":{"start":{"line":4,"column":43},"end":{"line":67,"column":1}},"line":4},"1":{"name":"(anonymous_1)","decl":{"start":{"line":6,"column":4},"end":{"line":6,"column":5}},"loc":{"start":{"line":6,"column":29},"end":{"line":21,"column":5}},"line":6}},"branchMap":{},"s":{"0":5,"1":5,"2":5,"3":5,"4":5,"5":5,"6":5,"7":5,"8":5,"9":5,"10":5,"11":5,"12":5},"f":{"0":5,"1":5},"b":{},"_coverageSchema":"1a1c01bbd47fc00a2c39e90264f33305004495a9","hash":"6e62069755f8c384d612ed319f0d9c9d996c54f7"}
,"/Users/putriindah/mainan/payslip-generator/src/models/index.js": {"path":"/Users/putriindah/mainan/payslip-generator/src/models/index.js","statementMap":{"0":{"start":{"line":3,"column":11},"end":{"line":3,"column":24}},"1":{"start":{"line":4,"column":13},"end":{"line":4,"column":28}},"2":{"start":{"line":5,"column":18},"end":{"line":5,"column":38}},"3":{"start":{"line":6,"column":16},"end":{"line":6,"column":34}},"4":{"start":{"line":7,"column":17},"end":{"line":7,"column":42}},"5":{"start":{"line":8,"column":12},"end":{"line":8,"column":49}},"6":{"start":{"line":9,"column":15},"end":{"line":9,"column":65}},"7":{"start":{"line":10,"column":11},"end":{"line":10,"column":13}},"8":{"start":{"line":13,"column":0},"end":{"line":17,"column":1}},"9":{"start":{"line":14,"column":2},"end":{"line":14,"column":74}},"10":{"start":{"line":16,"column":2},"end":{"line":16,"column":87}},"11":{"start":{"line":19,"column":0},"end":{"line":32,"column":5}},"12":{"start":{"line":22,"column":4},"end":{"line":27,"column":6}},"13":{"start":{"line":30,"column":18},"end":{"line":30,"column":85}},"14":{"start":{"line":31,"column":4},"end":{"line":31,"column":27}},"15":{"start":{"line":34,"column":0},"end":{"line":38,"column":3}},"16":{"start":{"line":35,"column":2},"end":{"line":37,"column":3}},"17":{"start":{"line":36,"column":4},"end":{"line":36,"column":32}},"18":{"start":{"line":40,"column":0},"end":{"line":40,"column":25}},"19":{"start":{"line":41,"column":0},"end":{"line":41,"column":25}},"20":{"start":{"line":43,"column":0},"end":{"line":43,"column":20}}},"fnMap":{"0":{"name":"(anonymous_0)","decl":{"start":{"line":21,"column":10},"end":{"line":21,"column":11}},"loc":{"start":{"line":21,"column":18},"end":{"line":28,"column":3}},"line":21},"1":{"name":"(anonymous_1)","decl":{"start":{"line":29,"column":11},"end":{"line":29,"column":12}},"loc":{"start":{"line":29,"column":19},"end":{"line":32,"column":3}},"line":29},"2":{"name":"(anonymous_2)","decl":{"start":{"line":34,"column":24},"end":{"line":34,"column":25}},"loc":{"start":{"line":34,"column":37},"end":{"line":38,"column":1}},"line":34}},"branchMap":{"0":{"loc":{"start":{"line":8,"column":12},"end":{"line":8,"column":49}},"type":"binary-expr","locations":[{"start":{"line":8,"column":12},"end":{"line":8,"column":32}},{"start":{"line":8,"column":36},"end":{"line":8,"column":49}}],"line":8},"1":{"loc":{"start":{"line":13,"column":0},"end":{"line":17,"column":1}},"type":"if","locations":[{"start":{"line":13,"column":0},"end":{"line":17,"column":1}},{"start":{"line":15,"column":7},"end":{"line":17,"column":1}}],"line":13},"2":{"loc":{"start":{"line":23,"column":6},"end":{"line":26,"column":37}},"type":"binary-expr","locations":[{"start":{"line":23,"column":6},"end":{"line":23,"column":29}},{"start":{"line":24,"column":6},"end":{"line":24,"column":23}},{"start":{"line":25,"column":6},"end":{"line":25,"column":30}},{"start":{"line":26,"column":6},"end":{"line":26,"column":37}}],"line":23},"3":{"loc":{"start":{"line":35,"column":2},"end":{"line":37,"column":3}},"type":"if","locations":[{"start":{"line":35,"column":2},"end":{"line":37,"column":3}},{"start":{},"end":{}}],"line":35}},"s":{"0":5,"1":5,"2":5,"3":5,"4":5,"5":5,"6":5,"7":5,"8":5,"9":0,"10":5,"11":5,"12":45,"13":40,"14":40,"15":5,"16":40,"17":40,"18":5,"19":5,"20":5},"f":{"0":45,"1":40,"2":40},"b":{"0":[5,0],"1":[0,5],"2":[45,45,40,40],"3":[40,0]},"_coverageSchema":"1a1c01bbd47fc00a2c39e90264f33305004495a9","hash":"fa7321583bdf53b4ed9beaa10bbd4091300d513b"}
,"/Users/putriindah/mainan/payslip-generator/src/models/overtime.js": {"path":"/Users/putriindah/mainan/payslip-generator/src/models/overtime.js","statementMap":{"0":{"start":{"line":4,"column":4},"end":{"line":4,"column":24}},"1":{"start":{"line":5,"column":0},"end":{"line":90,"column":2}},"2":{"start":{"line":14,"column":6},"end":{"line":14,"column":89}},"3":{"start":{"line":15,"column":6},"end":{"line":15,"column":87}},"4":{"start":{"line":16,"column":6},"end":{"line":16,"column":87}},"5":{"start":{"line":19,"column":2},"end":{"line":88,"column":5}},"6":{"start":{"line":89,"column":2},"end":{"line":89,"column":18}}},"fnMap":{"0":{"name":"(anonymous_0)","decl":{"start":{"line":5,"column":17},"end":{"line":5,"column":18}},"loc":{"start":{"line":5,"column":43},"end":{"line":90,"column":1}},"line":5},"1":{"name":"(anonymous_1)","decl":{"start":{"line":12,"column":4},"end":{"line":12,"column":5}},"loc":{"start":{"line":12,"column":29},"end":{"line":17,"column":5}},"line":12}},"branchMap":{},"s":{"0":5,"1":5,"2":5,"3":5,"4":5,"5":5,"6":5},"f":{"0":5,"1":5},"b":{},"_coverageSchema":"1a1c01bbd47fc00a2c39e90264f33305004495a9","hash":"f587628ecff5eeed890392959be1c87f093b8aac"}
,"/Users/putriindah/mainan/payslip-generator/src/models/payroll.js": {"path":"/Users/putriindah/mainan/payslip-generator/src/models/payroll.js","statementMap":{"0":{"start":{"line":4,"column":4},"end":{"line":4,"column":24}},"1":{"start":{"line":5,"column":0},"end":{"line":90,"column":2}},"2":{"start":{"line":9,"column":6},"end":{"line":9,"column":83}},"3":{"start":{"line":11,"column":6},"end":{"line":11,"column":83}},"4":{"start":{"line":14,"column":6},"end":{"line":14,"column":84}},"5":{"start":{"line":17,"column":2},"end":{"line":88,"column":5}},"6":{"start":{"line":89,"column":2},"end":{"line":89,"column":17}}},"fnMap":{"0":{"name":"(anonymous_0)","decl":{"start":{"line":5,"column":17},"end":{"line":5,"column":18}},"loc":{"start":{"line":5,"column":43},"end":{"line":90,"column":1}},"line":5},"1":{"name":"(anonymous_1)","decl":{"start":{"line":7,"column":4},"end":{"line":7,"column":5}},"loc":{"start":{"line":7,"column":29},"end":{"line":15,"column":5}},"line":7}},"branchMap":{},"s":{"0":5,"1":5,"2":5,"3":5,"4":5,"5":5,"6":5},"f":{"0":5,"1":5},"b":{},"_coverageSchema":"1a1c01bbd47fc00a2c39e90264f33305004495a9","hash":"bab834fd878cb4d5776949e1036d80b445750b62"}
,"/Users/putriindah/mainan/payslip-generator/src/models/payslip.js": {"path":"/Users/putriindah/mainan/payslip-generator/src/models/payslip.js","statementMap":{"0":{"start":{"line":4,"column":4},"end":{"line":4,"column":24}},"1":{"start":{"line":5,"column":0},"end":{"line":159,"column":2}},"2":{"start":{"line":9,"column":6},"end":{"line":12,"column":9}},"3":{"start":{"line":15,"column":6},"end":{"line":18,"column":9}},"4":{"start":{"line":21,"column":6},"end":{"line":24,"column":9}},"5":{"start":{"line":27,"column":6},"end":{"line":30,"column":9}},"6":{"start":{"line":33,"column":2},"end":{"line":157,"column":5}},"7":{"start":{"line":158,"column":2},"end":{"line":158,"column":17}}},"fnMap":{"0":{"name":"(anonymous_0)","decl":{"start":{"line":5,"column":17},"end":{"line":5,"column":18}},"loc":{"start":{"line":5,"column":43},"end":{"line":159,"column":1}},"line":5},"1":{"name":"(anonymous_1)","decl":{"start":{"line":7,"column":4},"end":{"line":7,"column":5}},"loc":{"start":{"line":7,"column":29},"end":{"line":31,"column":5}},"line":7}},"branchMap":{},"s":{"0":5,"1":5,"2":5,"3":5,"4":5,"5":5,"6":5,"7":5},"f":{"0":5,"1":5},"b":{},"_coverageSchema":"1a1c01bbd47fc00a2c39e90264f33305004495a9","hash":"1baf0bab620044083f39a7effc750fb562b6521f"}
,"/Users/putriindah/mainan/payslip-generator/src/models/reimbursement.js": {"path":"/Users/putriindah/mainan/payslip-generator/src/models/reimbursement.js","statementMap":{"0":{"start":{"line":4,"column":4},"end":{"line":4,"column":24}},"1":{"start":{"line":5,"column":0},"end":{"line":98,"column":2}},"2":{"start":{"line":15,"column":6},"end":{"line":15,"column":94}},"3":{"start":{"line":17,"column":6},"end":{"line":17,"column":92}},"4":{"start":{"line":19,"column":6},"end":{"line":19,"column":92}},"5":{"start":{"line":23,"column":2},"end":{"line":96,"column":5}},"6":{"start":{"line":97,"column":2},"end":{"line":97,"column":23}}},"fnMap":{"0":{"name":"(anonymous_0)","decl":{"start":{"line":5,"column":17},"end":{"line":5,"column":18}},"loc":{"start":{"line":5,"column":43},"end":{"line":98,"column":1}},"line":5},"1":{"name":"(anonymous_1)","decl":{"start":{"line":12,"column":4},"end":{"line":12,"column":5}},"loc":{"start":{"line":12,"column":29},"end":{"line":21,"column":5}},"line":12}},"branchMap":{},"s":{"0":5,"1":5,"2":5,"3":5,"4":5,"5":5,"6":5},"f":{"0":5,"1":5},"b":{},"_coverageSchema":"1a1c01bbd47fc00a2c39e90264f33305004495a9","hash":"48ffcee3b4c1dd1926940635ae472a74a342fde4"}
,"/Users/putriindah/mainan/payslip-generator/src/routers/index.js": {"path":"/Users/putriindah/mainan/payslip-generator/src/routers/index.js","statementMap":{"0":{"start":{"line":1,"column":16},"end":{"line":1,"column":34}},"1":{"start":{"line":2,"column":27},"end":{"line":2,"column":67}},"2":{"start":{"line":3,"column":32},"end":{"line":3,"column":77}},"3":{"start":{"line":4,"column":27},"end":{"line":4,"column":67}},"4":{"start":{"line":5,"column":54},"end":{"line":5,"column":93}},"5":{"start":{"line":6,"column":36},"end":{"line":6,"column":85}},"6":{"start":{"line":7,"column":31},"end":{"line":7,"column":75}},"7":{"start":{"line":8,"column":30},"end":{"line":8,"column":73}},"8":{"start":{"line":9,"column":30},"end":{"line":9,"column":73}},"9":{"start":{"line":10,"column":15},"end":{"line":10,"column":31}},"10":{"start":{"line":12,"column":0},"end":{"line":12,"column":61}},"11":{"start":{"line":13,"column":0},"end":{"line":13,"column":55}},"12":{"start":{"line":15,"column":0},"end":{"line":15,"column":26}},"13":{"start":{"line":16,"column":0},"end":{"line":16,"column":85}},"14":{"start":{"line":17,"column":0},"end":{"line":17,"column":92}},"15":{"start":{"line":18,"column":0},"end":{"line":18,"column":99}},"16":{"start":{"line":19,"column":0},"end":{"line":19,"column":84}},"17":{"start":{"line":20,"column":0},"end":{"line":20,"column":91}},"18":{"start":{"line":21,"column":0},"end":{"line":21,"column":90}},"19":{"start":{"line":22,"column":0},"end":{"line":22,"column":91}},"20":{"start":{"line":23,"column":0},"end":{"line":23,"column":89}},"21":{"start":{"line":26,"column":0},"end":{"line":26,"column":23}}},"fnMap":{},"branchMap":{},"s":{"0":5,"1":5,"2":5,"3":5,"4":5,"5":5,"6":5,"7":5,"8":5,"9":5,"10":5,"11":5,"12":5,"13":5,"14":5,"15":5,"16":5,"17":5,"18":5,"19":5,"20":5,"21":5},"f":{},"b":{},"_coverageSchema":"1a1c01bbd47fc00a2c39e90264f33305004495a9","hash":"38ff03342805087b0a2c2a691f2950f9a40fdb93"}
}
