TN:
SF:src/app.js
FN:14,(anonymous_0)
FNF:1
FNH:0
FNDA:0,(anonymous_0)
DA:1,5
DA:2,5
DA:3,5
DA:4,5
DA:5,5
DA:6,5
DA:8,5
DA:9,5
DA:10,5
DA:11,5
DA:12,5
DA:14,5
DA:15,0
DA:16,0
DA:21,5
LF:15
LH:13
BRF:0
BRH:0
end_of_record
TN:
SF:src/controllers/attendaceController.js
FN:8,(anonymous_0)
FN:46,(anonymous_1)
FNF:2
FNH:2
FNDA:2,(anonymous_0)
FNDA:2,(anonymous_1)
DA:1,5
DA:2,5
DA:3,5
DA:4,5
DA:5,5
DA:9,2
DA:10,2
DA:11,2
DA:13,2
DA:14,2
DA:15,0
DA:19,2
DA:20,2
DA:21,2
DA:24,1
DA:33,1
DA:41,1
DA:42,1
DA:47,2
DA:48,2
DA:49,2
DA:50,2
DA:53,2
DA:60,2
DA:61,1
DA:65,1
DA:67,1
DA:82,1
DA:90,1
DA:91,1
DA:96,5
LF:31
LH:30
BRDA:14,0,0,0
BRDA:14,0,1,2
BRDA:21,1,0,1
BRDA:21,1,1,1
BRDA:60,2,0,1
BRDA:60,2,1,1
BRF:6
BRH:5
end_of_record
TN:
SF:src/controllers/overtimeController.js
FN:9,getJakartaNow
FN:17,(anonymous_1)
FN:66,(anonymous_2)
FNF:3
FNH:3
FNDA:5,getJakartaNow
FNDA:6,(anonymous_1)
FNDA:2,(anonymous_2)
DA:2,5
DA:3,5
DA:4,5
DA:5,5
DA:6,5
DA:7,5
DA:11,5
DA:18,6
DA:19,6
DA:20,6
DA:21,6
DA:23,6
DA:24,1
DA:27,5
DA:28,5
DA:30,5
DA:31,5
DA:34,5
DA:35,5
DA:37,5
DA:38,5
DA:41,5
DA:42,5
DA:50,5
DA:51,5
DA:52,5
DA:53,1
DA:58,4
DA:66,4
DA:69,4
DA:70,1
DA:74,3
DA:84,3
DA:90,3
DA:91,3
DA:97,5
LF:36
LH:36
BRDA:23,0,0,1
BRDA:23,0,1,5
BRDA:28,1,0,0
BRDA:28,1,1,5
BRDA:41,2,0,5
BRDA:41,2,1,0
BRDA:51,3,0,5
BRDA:51,3,1,4
BRDA:52,4,0,1
BRDA:52,4,1,4
BRDA:52,5,0,5
BRDA:52,5,1,2
BRDA:69,6,0,1
BRDA:69,6,1,3
BRF:14
BRH:12
end_of_record
TN:
SF:src/controllers/payrollController.js
FN:9,isValidDateFormat
FN:14,parseDdMmYyyyToDate
FN:21,(anonymous_2)
FN:81,(anonymous_3)
FN:237,(anonymous_4)
FNF:5
FNH:5
FNDA:7,isValidDateFormat
FNDA:6,parseDdMmYyyyToDate
FNDA:5,(anonymous_2)
FNDA:2,(anonymous_3)
FNDA:3,(anonymous_4)
DA:2,5
DA:3,5
DA:4,5
DA:5,5
DA:6,5
DA:7,5
DA:10,7
DA:11,7
DA:15,6
DA:16,6
DA:22,5
DA:23,5
DA:24,5
DA:25,5
DA:27,5
DA:28,1
DA:31,4
DA:32,1
DA:35,3
DA:36,0
DA:39,3
DA:40,3
DA:41,3
DA:44,2
DA:45,2
DA:48,2
DA:57,2
DA:58,1
DA:61,1
DA:70,1
DA:76,4
DA:77,4
DA:82,2
DA:83,2
DA:84,2
DA:85,2
DA:88,2
DA:89,2
DA:92,2
DA:93,2
DA:95,2
DA:96,1
DA:97,1
DA:100,1
DA:102,1
DA:103,1
DA:105,1
DA:108,1
DA:110,1
DA:111,3
DA:112,3
DA:113,3
DA:114,3
DA:118,3
DA:137,3
DA:138,3
DA:141,3
DA:160,3
DA:161,3
DA:164,3
DA:177,3
DA:198,3
DA:199,3
DA:204,3
DA:206,3
DA:231,3
DA:237,1
DA:238,3
DA:239,0
DA:244,1
DA:246,1
DA:248,1
DA:265,1
DA:271,1
DA:272,1
DA:279,5
LF:76
LH:74
BRDA:27,0,0,1
BRDA:27,0,1,4
BRDA:27,1,0,5
BRDA:27,1,1,4
BRDA:31,2,0,1
BRDA:31,2,1,3
BRDA:35,3,0,0
BRDA:35,3,1,3
BRDA:41,4,0,1
BRDA:41,4,1,2
BRDA:45,5,0,0
BRDA:45,5,1,2
BRDA:57,6,0,1
BRDA:57,6,1,1
BRDA:89,7,0,0
BRDA:89,7,1,2
BRDA:93,8,0,0
BRDA:93,8,1,2
BRDA:95,9,0,1
BRDA:95,9,1,1
BRDA:95,10,0,2
BRDA:95,10,1,1
BRDA:238,11,0,0
BRDA:238,11,1,3
BRF:24
BRH:19
end_of_record
TN:
SF:src/controllers/payslipController.js
FN:7,(anonymous_0)
FN:59,(anonymous_1)
FNF:2
FNH:2
FNDA:2,(anonymous_0)
FNDA:1,(anonymous_1)
DA:2,5
DA:3,5
DA:4,5
DA:8,2
DA:9,2
DA:10,2
DA:13,2
DA:14,2
DA:15,0
DA:18,2
DA:44,2
DA:45,1
DA:48,1
DA:54,1
DA:55,1
DA:60,1
DA:61,1
DA:62,1
DA:65,1
DA:66,1
DA:69,1
DA:86,1
DA:99,1
DA:106,0
DA:107,0
DA:114,5
LF:26
LH:23
BRDA:14,0,0,0
BRDA:14,0,1,2
BRDA:44,1,0,1
BRDA:44,1,1,1
BRDA:66,2,0,0
BRDA:66,2,1,1
BRF:6
BRH:4
end_of_record
TN:
SF:src/controllers/reimbursementController.js
FN:8,(anonymous_0)
FNF:1
FNH:1
FNDA:3,(anonymous_0)
DA:2,5
DA:3,5
DA:4,5
DA:5,5
DA:9,3
DA:10,3
DA:11,3
DA:12,3
DA:14,3
DA:15,1
DA:18,2
DA:19,1
DA:22,1
DA:23,1
DA:25,1
DA:35,1
DA:41,2
DA:42,2
DA:48,5
LF:19
LH:19
BRDA:14,0,0,1
BRDA:14,0,1,2
BRDA:14,1,0,3
BRDA:14,1,1,2
BRDA:18,2,0,1
BRDA:18,2,1,1
BRDA:23,3,0,0
BRDA:23,3,1,1
BRF:8
BRH:7
end_of_record
TN:
SF:src/controllers/userController.js
FN:8,(anonymous_0)
FN:42,(anonymous_1)
FNF:2
FNH:2
FNDA:7,(anonymous_0)
FNDA:4,(anonymous_1)
DA:1,5
DA:2,5
DA:3,5
DA:4,5
DA:5,5
DA:9,7
DA:10,7
DA:13,7
DA:15,7
DA:16,3
DA:19,4
DA:20,4
DA:21,0
DA:24,4
DA:30,4
DA:38,3
DA:43,4
DA:44,4
DA:47,4
DA:53,4
DA:54,0
DA:57,4
DA:58,4
DA:59,0
DA:62,4
DA:68,4
DA:76,0
DA:81,5
LF:28
LH:24
BRDA:15,0,0,3
BRDA:15,0,1,4
BRDA:20,1,0,0
BRDA:20,1,1,4
BRDA:53,2,0,0
BRDA:53,2,1,4
BRDA:58,3,0,0
BRDA:58,3,1,4
BRF:8
BRH:5
end_of_record
TN:
SF:src/helpers/attendanceHelper.js
FN:1,isWeekendInJakarta
FNF:1
FNH:0
FNDA:0,isWeekendInJakarta
DA:2,0
DA:6,0
DA:7,0
DA:10,3
LF:4
LH:1
BRDA:1,0,0,0
BRDA:7,1,0,0
BRDA:7,1,1,0
BRF:3
BRH:0
end_of_record
TN:
SF:src/helpers/bcrypt.js
FN:3,hashPassword
FN:7,validatePassword
FNF:2
FNH:1
FNDA:0,hashPassword
FNDA:8,validatePassword
DA:1,5
DA:4,0
DA:8,8
DA:11,5
LF:4
LH:3
BRF:0
BRH:0
end_of_record
TN:
SF:src/helpers/error.js
FN:2,(anonymous_0)
FN:9,(anonymous_1)
FNF:2
FNH:2
FNDA:28,(anonymous_0)
FNDA:28,(anonymous_1)
DA:3,28
DA:4,28
DA:5,28
DA:6,28
DA:10,28
DA:19,5
LF:6
LH:6
BRF:0
BRH:0
end_of_record
TN:
SF:src/helpers/generateRequestId.js
FN:3,generateRequestId
FNF:1
FNH:1
FNDA:26,generateRequestId
DA:1,5
DA:4,26
DA:7,5
LF:3
LH:3
BRF:0
BRH:0
end_of_record
TN:
SF:src/helpers/jwt.js
FN:4,generateToken
FN:8,verifyToken
FNF:2
FNH:1
FNDA:8,generateToken
FNDA:0,verifyToken
DA:1,5
DA:2,5
DA:5,8
DA:9,0
DA:12,5
LF:5
LH:4
BRDA:2,0,0,5
BRDA:2,0,1,0
BRF:2
BRH:1
end_of_record
TN:
SF:src/helpers/services/employeeHelpers.js
FN:4,findEmployee
FNF:1
FNH:1
FNDA:17,findEmployee
DA:1,5
DA:2,5
DA:5,17
DA:6,17
DA:7,17
DA:8,17
DA:10,17
DA:11,17
DA:12,14
DA:14,0
DA:15,0
DA:19,5
LF:12
LH:10
BRDA:4,0,0,0
BRDA:4,1,0,0
BRDA:7,2,0,10
BRDA:7,2,1,7
BRDA:8,3,0,17
BRDA:8,3,1,0
BRDA:11,4,0,3
BRDA:11,4,1,14
BRF:8
BRH:5
end_of_record
TN:
SF:src/helpers/services/payrollAndPayslipHelpers.js
FN:2,countWorkingDays
FNF:1
FNH:1
FNDA:1,countWorkingDays
DA:3,1
DA:4,1
DA:7,1
DA:8,1
DA:9,1
DA:11,1
DA:12,3
DA:13,3
DA:14,2
DA:16,3
DA:19,1
DA:22,5
LF:12
LH:12
BRDA:13,0,0,2
BRDA:13,0,1,1
BRDA:13,1,0,3
BRDA:13,1,1,3
BRF:4
BRH:4
end_of_record
TN:
SF:src/middlewares/authentication.js
FN:6,getRequestIp
FN:20,authentication
FNF:2
FNH:2
FNDA:26,getRequestIp
FNDA:35,authentication
DA:1,5
DA:2,5
DA:3,5
DA:4,5
DA:8,26
DA:16,26
DA:17,26
DA:21,35
DA:22,35
DA:23,3
DA:27,32
DA:28,32
DA:29,0
DA:32,32
DA:34,32
DA:35,32
DA:36,26
DA:38,26
DA:39,26
DA:41,26
DA:42,11
DA:53,26
DA:54,15
DA:65,26
DA:67,26
DA:69,26
DA:74,26
DA:76,6
DA:80,5
LF:29
LH:28
BRDA:3,0,0,5
BRDA:3,0,1,0
BRDA:8,1,0,26
BRDA:8,1,1,26
BRDA:8,1,2,0
BRDA:8,1,3,0
BRDA:8,1,4,0
BRDA:8,1,5,0
BRDA:16,2,0,26
BRDA:16,2,1,0
BRDA:16,3,0,26
BRDA:16,3,1,26
BRDA:22,4,0,3
BRDA:22,4,1,32
BRDA:28,5,0,0
BRDA:28,5,1,32
BRDA:28,6,0,32
BRDA:28,6,1,32
BRDA:36,7,0,0
BRDA:36,7,1,26
BRDA:41,8,0,11
BRDA:41,8,1,15
BRDA:53,9,0,15
BRDA:53,9,1,11
BRDA:65,10,0,0
BRDA:65,10,1,26
BRF:26
BRH:17
end_of_record
TN:
SF:src/middlewares/authorization.js
FN:3,adminAuthorization
FN:17,employeeAuthorization
FNF:2
FNH:2
FNDA:8,adminAuthorization
FNDA:18,employeeAuthorization
DA:1,5
DA:4,8
DA:5,8
DA:7,8
DA:8,8
DA:10,0
DA:13,0
DA:18,18
DA:19,18
DA:20,18
DA:21,18
DA:22,15
DA:24,3
DA:27,3
DA:31,5
LF:15
LH:13
BRDA:7,0,0,8
BRDA:7,0,1,0
BRDA:21,1,0,15
BRDA:21,1,1,3
BRF:4
BRH:3
end_of_record
TN:
SF:src/middlewares/errorHandler.js
FN:3,errorHandler
FNF:1
FNH:1
FNDA:28,errorHandler
DA:1,5
DA:4,28
DA:5,28
DA:8,0
DA:16,5
LF:5
LH:4
BRDA:4,0,0,28
BRDA:4,0,1,0
BRF:2
BRH:1
end_of_record
TN:
SF:src/models/admin.js
FN:5,(anonymous_0)
FN:12,(anonymous_1)
FNF:2
FNH:2
FNDA:5,(anonymous_0)
FNDA:5,(anonymous_1)
DA:4,5
DA:5,5
DA:15,5
DA:20,5
DA:25,5
DA:30,5
DA:36,5
DA:74,5
LF:8
LH:8
BRF:0
BRH:0
end_of_record
TN:
SF:src/models/attendance.js
FN:5,(anonymous_0)
FN:7,(anonymous_1)
FNF:2
FNH:2
FNDA:5,(anonymous_0)
FNDA:5,(anonymous_1)
DA:4,5
DA:5,5
DA:9,5
DA:11,5
DA:13,5
DA:16,5
DA:90,5
LF:7
LH:7
BRF:0
BRH:0
end_of_record
TN:
SF:src/models/audit_log.js
FN:5,(anonymous_0)
FN:7,(anonymous_1)
FNF:2
FNH:2
FNDA:5,(anonymous_0)
FNDA:5,(anonymous_1)
DA:4,5
DA:5,5
DA:11,5
DA:75,5
LF:4
LH:4
BRF:0
BRH:0
end_of_record
TN:
SF:src/models/employee.js
FN:4,(anonymous_0)
FN:6,(anonymous_1)
FNF:2
FNH:2
FNDA:5,(anonymous_0)
FNDA:5,(anonymous_1)
DA:2,5
DA:4,5
DA:8,5
DA:9,5
DA:10,5
DA:13,5
DA:14,5
DA:15,5
DA:18,5
DA:19,5
DA:20,5
DA:24,5
DA:66,5
LF:13
LH:13
BRF:0
BRH:0
end_of_record
TN:
SF:src/models/index.js
FN:21,(anonymous_0)
FN:29,(anonymous_1)
FN:34,(anonymous_2)
FNF:3
FNH:3
FNDA:45,(anonymous_0)
FNDA:40,(anonymous_1)
FNDA:40,(anonymous_2)
DA:3,5
DA:4,5
DA:5,5
DA:6,5
DA:7,5
DA:8,5
DA:9,5
DA:10,5
DA:13,5
DA:14,0
DA:16,5
DA:19,5
DA:22,45
DA:30,40
DA:31,40
DA:34,5
DA:35,40
DA:36,40
DA:40,5
DA:41,5
DA:43,5
LF:21
LH:20
BRDA:8,0,0,5
BRDA:8,0,1,0
BRDA:13,1,0,0
BRDA:13,1,1,5
BRDA:23,2,0,45
BRDA:23,2,1,45
BRDA:23,2,2,40
BRDA:23,2,3,40
BRDA:35,3,0,40
BRDA:35,3,1,0
BRF:10
BRH:7
end_of_record
TN:
SF:src/models/overtime.js
FN:5,(anonymous_0)
FN:12,(anonymous_1)
FNF:2
FNH:2
FNDA:5,(anonymous_0)
FNDA:5,(anonymous_1)
DA:4,5
DA:5,5
DA:14,5
DA:15,5
DA:16,5
DA:19,5
DA:89,5
LF:7
LH:7
BRF:0
BRH:0
end_of_record
TN:
SF:src/models/payroll.js
FN:5,(anonymous_0)
FN:7,(anonymous_1)
FNF:2
FNH:2
FNDA:5,(anonymous_0)
FNDA:5,(anonymous_1)
DA:4,5
DA:5,5
DA:9,5
DA:11,5
DA:14,5
DA:17,5
DA:89,5
LF:7
LH:7
BRF:0
BRH:0
end_of_record
TN:
SF:src/models/payslip.js
FN:5,(anonymous_0)
FN:7,(anonymous_1)
FNF:2
FNH:2
FNDA:5,(anonymous_0)
FNDA:5,(anonymous_1)
DA:4,5
DA:5,5
DA:9,5
DA:15,5
DA:21,5
DA:27,5
DA:33,5
DA:158,5
LF:8
LH:8
BRF:0
BRH:0
end_of_record
TN:
SF:src/models/reimbursement.js
FN:5,(anonymous_0)
FN:12,(anonymous_1)
FNF:2
FNH:2
FNDA:5,(anonymous_0)
FNDA:5,(anonymous_1)
DA:4,5
DA:5,5
DA:15,5
DA:17,5
DA:19,5
DA:23,5
DA:97,5
LF:7
LH:7
BRF:0
BRH:0
end_of_record
TN:
SF:src/routers/index.js
FNF:0
FNH:0
DA:1,5
DA:2,5
DA:3,5
DA:4,5
DA:5,5
DA:6,5
DA:7,5
DA:8,5
DA:9,5
DA:10,5
DA:12,5
DA:13,5
DA:15,5
DA:16,5
DA:17,5
DA:18,5
DA:19,5
DA:20,5
DA:21,5
DA:22,5
DA:23,5
DA:26,5
LF:22
LH:22
BRF:0
BRH:0
end_of_record
